<?xml version="1.0" encoding="UTF-8"?>
<!-- Generated by org.testng.reporters.JUnitReportReporter -->
<testsuite hostname="DESKTOP-7BP63UE" failures="0" tests="1" name="testCases.D2CTrustDemo" time="20.572" errors="0" timestamp="2024-09-26T13:54:31 IST" skipped="0">
  <testcase classname="testCases.D2CTrustDemo" name="Demo" time="20.572">
    <system-out>
      <![CDATA[successfuly executed....]]>
    </system-out>
  </testcase> <!-- Demo -->
  <system-out>
    <![CDATA[successfuly executed....]]>
  </system-out>
</testsuite> <!-- testCases.D2CTrustDemo -->
